Arguments: 
  C:\Program Files\nodejs\node.exe C:\Users\bogum\scoop\apps\yarn\current\Yarn\bin\yarn.js add @react-native-community/async-storage

PATH: 
  C:\Users\bogum\scoop\apps\yarn\current\Yarn\bin;C:\Users\bogum\scoop\apps\yarn\current\global\node_modules\.bin;C:\ProgramData\DockerDesktop\version-bin;C:\Program Files\Docker\Docker\Resources\bin;C:\Program Files (x86)\Common Files\Oracle\Java\javapath;C:\WINDOWS\system32;C:\WINDOWS;C:\WINDOWS\System32\Wbem;C:\WINDOWS\System32\WindowsPowerShell\v1.0\;C:\WINDOWS\System32\OpenSSH\;C:\Program Files\Git\cmd;C:\Program Files (x86)\Microsoft SQL Server\Client SDK\ODBC\130\Tools\Binn\;C:\Program Files (x86)\Microsoft SQL Server\140\Tools\Binn\;C:\Program Files (x86)\Microsoft SQL Server\140\DTS\Binn\;C:\Program Files (x86)\Microsoft SQL Server\140\Tools\Binn\ManagementStudio\;C:\Program Files\Microsoft SQL Server\Client SDK\ODBC\130\Tools\Binn\;C:\Program Files\Microsoft SQL Server\140\Tools\Binn\;C:\Program Files\Microsoft SQL Server\140\DTS\Binn\;C:\Program Files\dotnet\;C:\Program Files\Microsoft SQL Server\130\Tools\Binn\;C:\Program Files\nodejs\;C:\Program Files\swipl\bin;C:\Program Files\apache-ant-1.10.6\bin;C:\Program Files (x86)\Ubisoft\MMH5.5 Manual;C:\Program Files (x86)\Calibre2\;C:\xampp\php;C:\ProgramData\ComposerSetup\bin;C:\HashiCorp\Vagrant\bin;C:\apache-maven-3.6.3\bin;C:\Users\bogum\AppData\Local\Android\Sdk\platform-tools;C:\Program Files\Kubernetes\Minikube;C:\Program Files\PostgreSQL\12\bin;C:\Program Files\Postgres-REST;C:\Users\bogum\scoop\shims;C:\Users\bogum\Anaconda3;C:\Users\bogum\AppData\Local\Programs\Python\Python37-32\Scripts\;C:\Users\bogum\AppData\Local\Programs\Python\Python37-32\;C:\Users\bogum\AppData\Local\Microsoft\WindowsApps;C:\Users\bogum\AppData\Roaming\npm;C:\Program Files\apache-ant-1.10.6\bin;C:\Users\bogum\AppData\Roaming\Composer\vendor\bin;C:\Users\bogum\AppData\Local\Programs\Microsoft VS Code\bin;C:\Program Files\Kubernetes\Minikube;C:\Program Files\PostgreSQL\12\bin;C:\Program Files\Postgres-REST

Yarn version: 
  1.21.1

Node version: 
  10.16.0

Platform: 
  win32 x64

Trace: 
  Error: EPERM: operation not permitted, unlink 'C:\Users\bogum\OneDrive\Desktop\programy\react native\paragony_app\paragon_app\node_modules\@react-native-community\cli-tools\node_modules\.bin'

npm manifest: 
  {
    "main": "node_modules/expo/AppEntry.js",
    "scripts": {
      "start": "expo start",
      "android": "expo start --android",
      "ios": "expo start --ios",
      "web": "expo start --web",
      "eject": "expo eject"
    },
    "dependencies": {
      "expo": "^36.0.0",
      "react": "16.9.0",
      "react-dom": "16.9.0",
      "react-native": "https://github.com/expo/react-native/archive/sdk-36.0.0.tar.gz",
      "react-native-camera": "^3.14.0",
      "react-native-web": "^0.11.7",
      "expo-camera": "~8.0.0",
      "expo-file-system": "~8.0.0"
    },
    "devDependencies": {
      "@types/react": "^16.8.23",
      "@types/react-native": "^0.57.65",
      "babel-preset-expo": "^7.1.0",
      "typescript": "^3.6.3"
    },
    "private": true
  }

yarn manifest: 
  No manifest

Lockfile: 
  No lockfile
